<?xml version="1.0" encoding="UTF-8"?>
<!-- Generated by org.testng.reporters.JUnitReportReporter -->
<testsuite hostname="DESKTOP-IT0AO57" failures="0" tests="1" name="Spicejet.Spicejet.BrowsersetupTest" time="6.916" errors="0" timestamp="2024-12-24T17:23:36 IST" skipped="0">
  <testcase classname="Spicejet.Spicejet.BrowsersetupTest" name="testSpicejetLaunch" time="6.916"/>
  <system-out/>
</testsuite> <!-- Spicejet.Spicejet.BrowsersetupTest -->
