<?xml version="1.0" encoding="UTF-8"?>
<!-- Generated by org.testng.reporters.JUnitReportReporter -->
<testsuite hostname="DESKTOP-IT0AO57" failures="0" tests="1" name="Spicejet.Spicejet.LoginTest" time="12.251" errors="0" timestamp="2024-12-24T17:23:36 IST" skipped="0">
  <testcase classname="Spicejet.Spicejet.LoginTest" name="testLogin" time="12.251"/>
  <system-out/>
</testsuite> <!-- Spicejet.Spicejet.LoginTest -->
