<?xml version="1.0" encoding="UTF-8"?>
<!-- Generated by org.testng.reporters.JUnitReportReporter -->
<testsuite hostname="DESKTOP-IT0AO57" failures="0" tests="2" name="Spicejet.Spicejet.FlightSearchPageTest" time="33.521" errors="0" timestamp="2024-12-24T17:23:36 IST" skipped="0">
  <testcase classname="Spicejet.Spicejet.FlightSearchPageTest" name="searchOneWayFlight" time="12.420"/>
  <system-out/>
  <testcase classname="Spicejet.Spicejet.FlightSearchPageTest" name="searchRoundTripFlight" time="21.101"/>
  <system-out/>
</testsuite> <!-- Spicejet.Spicejet.FlightSearchPageTest -->
